#
# A fatal error has been detected by the Java Runtime Environment:
#
#  EXCEPTION_ACCESS_VIOLATION (0xc0000005) at pc=0x0000000057d99535, pid=184, tid=5736
#
# JRE version: Java(TM) SE Runtime Environment (8.0_20-b26) (build 1.8.0_20-b26)
# Java VM: Java HotSpot(TM) 64-Bit Server VM (25.20-b23 mixed mode windows-amd64 compressed oops)
# Problematic frame:
# V  [jvm.dll+0x119535]
#
# Failed to write core dump. Minidumps are not enabled by default on client versions of Windows
#
# If you would like to submit a bug report, please visit:
#   http://bugreport.sun.com/bugreport/crash.jsp
#

---------------  T H R E A D  ---------------

Current thread (0x000000001d5fa800):  JavaThread "JDWP Transport Listener: dt_socket" daemon [_thread_in_vm, id=5736, stack(0x000000001e200000,0x000000001e300000)]

siginfo: ExceptionCode=0xc0000005, reading address 0xffffffffffffffff

Registers:
RAX=0x000000001e2ff801, RBX=0x000000001d5fa800, RCX=0x61003b72003b003b, RDX=0x0000000000000000
RSP=0x000000001e2ff8a0, RBP=0x61003b72003b003b, RSI=0x000000001e2ff9b8, RDI=0x0000000002309510
R8 =0x000000001d5fa800, R9 =0x0000002c01380047, R10=0x6e697274532f676e, R11=0x000000001d70fac8
R12=0x0000000000000000, R13=0x000000001d5fb518, R14=0x0000000000000000, R15=0x0000000000000000
RIP=0x0000000057d99535, EFLAGS=0x0000000000010202

Top of Stack: (sp=0x000000001e2ff8a0)
0x000000001e2ff8a0:   000000001d5fa800 000000001d5fa800
0x000000001e2ff8b0:   000000001e2ff968 0000000057f9655b
0x000000001e2ff8c0:   000000001d5fa800 0000000057fb2dbd
0x000000001e2ff8d0:   0000000000000088 0000000066a69149
0x000000001e2ff8e0:   0000000020a50cf8 0000000066a72912
0x000000001e2ff8f0:   000000001d5fa800 0000000000000000
0x000000001e2ff900:   0000000000000000 0000000000000000
0x000000001e2ff910:   61003b72003b003b 0000000066a71a09
0x000000001e2ff920:   000000001e2ff9b8 000000001e2ff990
0x000000001e2ff930:   0000000000000001 0000000020a50cf8
0x000000001e2ff940:   61003b72003b003b 0000000066a553b3
0x000000001e2ff950:   000000001e2ffa80 0000000000000001
0x000000001e2ff960:   0000000000000001 0000000020a50cf8
0x000000001e2ff970:   0000000000000002 0000000000000000
0x000000001e2ff980:   0000000000000000 0000000000000000
0x000000001e2ff990:   0000000000000001 0000000066a55571 

Instructions: (pc=0x0000000057d99535)
0x0000000057d99515:   cc cc cc cc cc cc cc cc cc cc cc 48 83 ec 28 48
0x0000000057d99525:   85 c9 75 07 33 c0 48 83 c4 28 c3 48 89 5c 24 20
0x0000000057d99535:   48 8b 19 48 85 db 74 20 48 83 fb 37 74 1a 48 8b
0x0000000057d99545:   13 48 8b cb ff 52 10 84 c0 74 0d 48 8b c3 48 8b 


Register to memory mapping:

RAX=0x000000001e2ff801 is pointing into the stack for thread: 0x000000001d5fa800
RBX=0x000000001d5fa800 is a thread
RCX=0x61003b72003b003b is an unknown value
RDX=0x0000000000000000 is an unknown value
RSP=0x000000001e2ff8a0 is pointing into the stack for thread: 0x000000001d5fa800
RBP=0x61003b72003b003b is an unknown value
RSI=0x000000001e2ff9b8 is pointing into the stack for thread: 0x000000001d5fa800
RDI=0x0000000002309510 is an unknown value
R8 =0x000000001d5fa800 is a thread
R9 =0x0000002c01380047 is an unknown value
R10=0x6e697274532f676e is an unknown value
R11=0x000000001d70fac8 is an unknown value
R12=0x0000000000000000 is an unknown value
R13=0x000000001d5fb518 is an unknown value
R14=0x0000000000000000 is an unknown value
R15=0x0000000000000000 is an unknown value


Stack: [0x000000001e200000,0x000000001e300000],  sp=0x000000001e2ff8a0,  free space=1022k
Native frames: (J=compiled Java code, j=interpreted, Vv=VM code, C=native code)
V  [jvm.dll+0x119535]
V  [jvm.dll+0x332dbd]
C  [jdwp.dll+0x21a09]
C  [jdwp.dll+0x53b3]
C  [jdwp.dll+0x5571]
C  [jdwp.dll+0xf09c]
C  [jdwp.dll+0x1f2c9]
C  [jdwp.dll+0x1f49e]
V  [jvm.dll+0x1aaa18]
V  [jvm.dll+0x22aac4]
V  [jvm.dll+0x283f5a]
C  [msvcr100.dll+0x21d9f]
C  [msvcr100.dll+0x21e3b]
C  [kernel32.dll+0x159ed]
C  [ntdll.dll+0x2c541]


---------------  P R O C E S S  ---------------

Java Threads: ( => current thread )
  0x00000000200a9000 JavaThread "File Reaper" daemon [_thread_blocked, id=6864, stack(0x00000000264e0000,0x00000000265e0000)]
  0x00000000200a8000 JavaThread "ModificationWatcher Task" daemon [_thread_blocked, id=4232, stack(0x00000000261b0000,0x00000000262b0000)]
  0x0000000022312800 JavaThread "Wicket-PageSavingThread" daemon [_thread_blocked, id=6672, stack(0x00000000260b0000,0x00000000261b0000)]
  0x00000000234f5800 JavaThread "qtp742726730-24 Selector0" [_thread_in_native, id=6636, stack(0x00000000259b0000,0x0000000025ab0000)]
  0x0000000022662000 JavaThread "qtp742726730-23" [_thread_blocked, id=2584, stack(0x0000000025810000,0x0000000025910000)]
  0x0000000022661000 JavaThread "qtp742726730-22" [_thread_blocked, id=6676, stack(0x00000000256e0000,0x00000000257e0000)]
  0x00000000211db000 JavaThread "qtp742726730-21" [_thread_blocked, id=3564, stack(0x0000000022f30000,0x0000000023030000)]
  0x00000000211da000 JavaThread "qtp742726730-20" [_thread_blocked, id=1204, stack(0x00000000254e0000,0x00000000255e0000)]
  0x0000000023c93800 JavaThread "qtp742726730-19" [_thread_blocked, id=5248, stack(0x000000001da20000,0x000000001db20000)]
  0x0000000023cac800 JavaThread "qtp742726730-18" [_thread_blocked, id=2600, stack(0x0000000025340000,0x0000000025440000)]
  0x0000000020a4c000 JavaThread "qtp742726730-17 Acceptor0 SelectChannelConnector@0.0.0.0:8080" [_thread_in_native, id=5108, stack(0x00000000251e0000,0x00000000252e0000)]
  0x0000000022a1f000 JavaThread "HashSessionScavenger-0" daemon [_thread_blocked, id=6908, stack(0x0000000021b90000,0x0000000021c90000)]
  0x000000001d66a800 JavaThread "Service Thread" daemon [_thread_blocked, id=4452, stack(0x000000001ea40000,0x000000001eb40000)]
  0x000000001d663000 JavaThread "C1 CompilerThread2" daemon [_thread_blocked, id=6968, stack(0x000000001e8d0000,0x000000001e9d0000)]
  0x000000001d662800 JavaThread "C2 CompilerThread1" daemon [_thread_blocked, id=784, stack(0x000000001e690000,0x000000001e790000)]
  0x000000001d60e000 JavaThread "C2 CompilerThread0" daemon [_thread_blocked, id=2240, stack(0x000000001e450000,0x000000001e550000)]
  0x000000001d609800 JavaThread "JDWP Command Reader" daemon [_thread_in_native, id=5876, stack(0x000000001e550000,0x000000001e650000)]
  0x000000001c2ef000 JavaThread "JDWP Event Helper Thread" daemon [_thread_blocked, id=5304, stack(0x000000001dfb0000,0x000000001e0b0000)]
=>0x000000001d5fa800 JavaThread "JDWP Transport Listener: dt_socket" daemon [_thread_in_vm, id=5736, stack(0x000000001e200000,0x000000001e300000)]
  0x000000001d5f2800 JavaThread "Attach Listener" daemon [_thread_blocked, id=2820, stack(0x000000001dce0000,0x000000001dde0000)]
  0x000000001c2e5000 JavaThread "Signal Dispatcher" daemon [_thread_blocked, id=892, stack(0x000000001db70000,0x000000001dc70000)]
  0x000000001c286800 JavaThread "Finalizer" daemon [_thread_blocked, id=1940, stack(0x000000001d4f0000,0x000000001d5f0000)]
  0x000000001c27d000 JavaThread "Reference Handler" daemon [_thread_blocked, id=2700, stack(0x000000001d3d0000,0x000000001d4d0000)]
  0x000000000230f000 JavaThread "main" [_thread_blocked, id=2640, stack(0x00000000024a0000,0x00000000025a0000)]

Other Threads:
  0x000000001c277800 VMThread [stack: 0x000000001d260000,0x000000001d360000] [id=4520]
  0x000000001d66b800 WatcherThread [stack: 0x000000001e7a0000,0x000000001e8a0000] [id=5452]

VM state:not at safepoint (normal execution)

VM Mutex/Monitor currently owned by a thread: None

Heap:
 PSYoungGen      total 140288K, used 60307K [0x000000076ae00000, 0x0000000775000000, 0x00000007c0000000)
  eden space 125952K, 42% used [0x000000076ae00000,0x000000076e2af360,0x0000000772900000)
  from space 14336K, 44% used [0x0000000774200000,0x0000000774835938,0x0000000775000000)
  to   space 19968K, 0% used [0x0000000772900000,0x0000000772900000,0x0000000773c80000)
 ParOldGen       total 193536K, used 28530K [0x00000006c0a00000, 0x00000006cc700000, 0x000000076ae00000)
  object space 193536K, 14% used [0x00000006c0a00000,0x00000006c25dc870,0x00000006cc700000)
 Metaspace       used 42840K, capacity 43918K, committed 44200K, reserved 1087488K
  class space    used 5239K, capacity 5496K, committed 5544K, reserved 1048576K

Card table byte_map: [0x0000000011c30000,0x0000000012430000] byte_map_base: 0x000000000e62b000

Marking Bits: (ParMarkBitMap*) 0x000000005845b460
 Begin Bits: [0x0000000013140000, 0x0000000017118000)
 End Bits:   [0x0000000017118000, 0x000000001b0f0000)

Polling page: 0x0000000000130000

CodeCache: size=245760Kb used=21650Kb max_used=22131Kb free=224109Kb
 bounds [0x0000000002870000, 0x0000000003e40000, 0x0000000011870000]
 total_blobs=6036 nmethods=5592 adapters=364
 compilation: enabled

Compilation events (10 events):
Event: 44.602 Thread 0x000000001d663000 nmethod 6589 0x000000000338dd10 code [0x000000000338df40, 0x000000000338ed48]
Event: 44.607 Thread 0x000000001d60e000 6590       4       java.lang.String::<init> (38 bytes)
Event: 44.608 Thread 0x000000001d60e000 nmethod 6590 0x0000000002b8b750 code [0x0000000002b8b8a0, 0x0000000002b8ba88]
Event: 44.618 Thread 0x000000001d663000 6591       1       org.eclipse.jetty.io.nio.ChannelEndPoint::getMaxIdleTime (5 bytes)
Event: 44.618 Thread 0x000000001d663000 nmethod 6591 0x0000000003386110 code [0x0000000003386260, 0x0000000003386370]
Event: 44.631 Thread 0x000000001d663000 6592       3       org.apache.log4j.Category::getEffectiveLevel (28 bytes)
Event: 44.631 Thread 0x000000001d663000 nmethod 6592 0x0000000003c37010 code [0x0000000003c37180, 0x0000000003c373f0]
Event: 44.633 Thread 0x000000001d663000 6593       3       org.apache.log4j.Priority::isGreaterOrEqual (17 bytes)
Event: 44.633 Thread 0x000000001d663000 nmethod 6593 0x0000000002e01990 code [0x0000000002e01ae0, 0x0000000002e01c90]
Event: 44.816 Thread 0x000000001d662800 nmethod 6583 0x0000000003e29a50 code [0x0000000003e2a100, 0x0000000003e30fd8]

GC Heap History (10 events):
Event: 6.439 GC heap before
{Heap before GC invocations=6 (full 1):
 PSYoungGen      total 76288K, used 65536K [0x000000076ae00000, 0x0000000774300000, 0x00000007c0000000)
  eden space 65536K, 100% used [0x000000076ae00000,0x000000076ee00000,0x000000076ee00000)
  from space 10752K, 0% used [0x000000076f880000,0x000000076f880000,0x0000000770300000)
  to   space 10752K, 0% used [0x000000076ee00000,0x000000076ee00000,0x000000076f880000)
 ParOldGen       total 125440K, used 18353K [0x00000006c0a00000, 0x00000006c8480000, 0x000000076ae00000)
  object space 125440K, 14% used [0x00000006c0a00000,0x00000006c1bec670,0x00000006c8480000)
 Metaspace       used 22798K, capacity 23278K, committed 23552K, reserved 1071104K
  class space    used 2631K, capacity 2786K, committed 2816K, reserved 1048576K
Event: 6.444 GC heap after
Heap after GC invocations=6 (full 1):
 PSYoungGen      total 76288K, used 4624K [0x000000076ae00000, 0x0000000772d00000, 0x00000007c0000000)
  eden space 65536K, 0% used [0x000000076ae00000,0x000000076ae00000,0x000000076ee00000)
  from space 10752K, 43% used [0x000000076ee00000,0x000000076f284348,0x000000076f880000)
  to   space 18944K, 0% used [0x0000000771a80000,0x0000000771a80000,0x0000000772d00000)
 ParOldGen       total 125440K, used 18353K [0x00000006c0a00000, 0x00000006c8480000, 0x000000076ae00000)
  object space 125440K, 14% used [0x00000006c0a00000,0x00000006c1bec670,0x00000006c8480000)
 Metaspace       used 22798K, capacity 23278K, committed 23552K, reserved 1071104K
  class space    used 2631K, capacity 2786K, committed 2816K, reserved 1048576K
}
Event: 8.569 GC heap before
{Heap before GC invocations=7 (full 1):
 PSYoungGen      total 76288K, used 70130K [0x000000076ae00000, 0x0000000772d00000, 0x00000007c0000000)
  eden space 65536K, 99% used [0x000000076ae00000,0x000000076edf8590,0x000000076ee00000)
  from space 10752K, 43% used [0x000000076ee00000,0x000000076f284348,0x000000076f880000)
  to   space 18944K, 0% used [0x0000000771a80000,0x0000000771a80000,0x0000000772d00000)
 ParOldGen       total 125440K, used 18353K [0x00000006c0a00000, 0x00000006c8480000, 0x000000076ae00000)
  object space 125440K, 14% used [0x00000006c0a00000,0x00000006c1bec670,0x00000006c8480000)
 Metaspace       used 27746K, capacity 28272K, committed 28416K, reserved 1075200K
  class space    used 3182K, capacity 3315K, committed 3328K, reserved 1048576K
Event: 8.624 GC heap after
Heap after GC invocations=7 (full 1):
 PSYoungGen      total 112128K, used 9827K [0x000000076ae00000, 0x0000000772e00000, 0x00000007c0000000)
  eden space 93184K, 0% used [0x000000076ae00000,0x000000076ae00000,0x0000000770900000)
  from space 18944K, 51% used [0x0000000771a80000,0x0000000772418d38,0x0000000772d00000)
  to   space 17920K, 0% used [0x0000000770900000,0x0000000770900000,0x0000000771a80000)
 ParOldGen       total 125440K, used 18353K [0x00000006c0a00000, 0x00000006c8480000, 0x000000076ae00000)
  object space 125440K, 14% used [0x00000006c0a00000,0x00000006c1bec670,0x00000006c8480000)
 Metaspace       used 27746K, capacity 28272K, committed 28416K, reserved 1075200K
  class space    used 3182K, capacity 3315K, committed 3328K, reserved 1048576K
}
Event: 9.854 GC heap before
{Heap before GC invocations=8 (full 1):
 PSYoungGen      total 112128K, used 78242K [0x000000076ae00000, 0x0000000772e00000, 0x00000007c0000000)
  eden space 93184K, 73% used [0x000000076ae00000,0x000000076f0cfe08,0x0000000770900000)
  from space 18944K, 51% used [0x0000000771a80000,0x0000000772418d38,0x0000000772d00000)
  to   space 17920K, 0% used [0x0000000770900000,0x0000000770900000,0x0000000771a80000)
 ParOldGen       total 125440K, used 18353K [0x00000006c0a00000, 0x00000006c8480000, 0x000000076ae00000)
  object space 125440K, 14% used [0x00000006c0a00000,0x00000006c1bec670,0x00000006c8480000)
 Metaspace       used 34698K, capacity 35300K, committed 35496K, reserved 1081344K
  class space    used 4038K, capacity 4225K, committed 4264K, reserved 1048576K
Event: 9.864 GC heap after
Heap after GC invocations=8 (full 1):
 PSYoungGen      total 111104K, used 16590K [0x000000076ae00000, 0x0000000775580000, 0x00000007c0000000)
  eden space 93184K, 0% used [0x000000076ae00000,0x000000076ae00000,0x0000000770900000)
  from space 17920K, 92% used [0x0000000770900000,0x0000000771933ad8,0x0000000771a80000)
  to   space 19968K, 0% used [0x0000000774200000,0x0000000774200000,0x0000000775580000)
 ParOldGen       total 125440K, used 18433K [0x00000006c0a00000, 0x00000006c8480000, 0x000000076ae00000)
  object space 125440K, 14% used [0x00000006c0a00000,0x00000006c1c00680,0x00000006c8480000)
 Metaspace       used 34698K, capacity 35300K, committed 35496K, reserved 1081344K
  class space    used 4038K, capacity 4225K, committed 4264K, reserved 1048576K
}
Event: 9.864 GC heap before
{Heap before GC invocations=9 (full 2):
 PSYoungGen      total 111104K, used 16590K [0x000000076ae00000, 0x0000000775580000, 0x00000007c0000000)
  eden space 93184K, 0% used [0x000000076ae00000,0x000000076ae00000,0x0000000770900000)
  from space 17920K, 92% used [0x0000000770900000,0x0000000771933ad8,0x0000000771a80000)
  to   space 19968K, 0% used [0x0000000774200000,0x0000000774200000,0x0000000775580000)
 ParOldGen       total 125440K, used 18433K [0x00000006c0a00000, 0x00000006c8480000, 0x000000076ae00000)
  object space 125440K, 14% used [0x00000006c0a00000,0x00000006c1c00680,0x00000006c8480000)
 Metaspace       used 34698K, capacity 35300K, committed 35496K, reserved 1081344K
  class space    used 4038K, capacity 4225K, committed 4264K, reserved 1048576K
Event: 9.973 GC heap after
Heap after GC invocations=9 (full 2):
 PSYoungGen      total 111104K, used 0K [0x000000076ae00000, 0x0000000775580000, 0x00000007c0000000)
  eden space 93184K, 0% used [0x000000076ae00000,0x000000076ae00000,0x0000000770900000)
  from space 17920K, 0% used [0x0000000770900000,0x0000000770900000,0x0000000771a80000)
  to   space 19968K, 0% used [0x0000000774200000,0x0000000774200000,0x0000000775580000)
 ParOldGen       total 193536K, used 28530K [0x00000006c0a00000, 0x00000006cc700000, 0x000000076ae00000)
  object space 193536K, 14% used [0x00000006c0a00000,0x00000006c25dc870,0x00000006cc700000)
 Metaspace       used 34698K, capacity 35300K, committed 35496K, reserved 1081344K
  class space    used 4038K, capacity 4225K, committed 4264K, reserved 1048576K
}
Event: 62.264 GC heap before
{Heap before GC invocations=10 (full 2):
 PSYoungGen      total 111104K, used 93184K [0x000000076ae00000, 0x0000000775580000, 0x00000007c0000000)
  eden space 93184K, 100% used [0x000000076ae00000,0x0000000770900000,0x0000000770900000)
  from space 17920K, 0% used [0x0000000770900000,0x0000000770900000,0x0000000771a80000)
  to   space 19968K, 0% used [0x0000000774200000,0x0000000774200000,0x0000000775580000)
 ParOldGen       total 193536K, used 28530K [0x00000006c0a00000, 0x00000006cc700000, 0x000000076ae00000)
  object space 193536K, 14% used [0x00000006c0a00000,0x00000006c25dc870,0x00000006cc700000)
 Metaspace       used 41516K, capacity 42294K, committed 42664K, reserved 1087488K
  class space    used 5029K, capacity 5214K, committed 5288K, reserved 1048576K
Event: 62.273 GC heap after
Heap after GC invocations=10 (full 2):
 PSYoungGen      total 140288K, used 6358K [0x000000076ae00000, 0x0000000775000000, 0x00000007c0000000)
  eden space 125952K, 0% used [0x000000076ae00000,0x000000076ae00000,0x0000000772900000)
  from space 14336K, 44% used [0x0000000774200000,0x0000000774835938,0x0000000775000000)
  to   space 19968K, 0% used [0x0000000772900000,0x0000000772900000,0x0000000773c80000)
 ParOldGen       total 193536K, used 28530K [0x00000006c0a00000, 0x00000006cc700000, 0x000000076ae00000)
  object space 193536K, 14% used [0x00000006c0a00000,0x00000006c25dc870,0x00000006cc700000)
 Metaspace       used 41516K, capacity 42294K, committed 42664K, reserved 1087488K
  class space    used 5029K, capacity 5214K, committed 5288K, reserved 1048576K
}

Deoptimization events (10 events):
Event: 44.598 Thread 0x00000000211db000 Uncommon trap: reason=unhandled action=none pc=0x0000000003d2e3b0 method=org.codehaus.plexus.classworlds.realm.ClassRealm.findClass(Ljava/lang/String;)Ljava/lang/Class; @ 8
Event: 44.598 Thread 0x00000000211db000 Uncommon trap: reason=unhandled action=none pc=0x0000000003d2e3b0 method=org.codehaus.plexus.classworlds.realm.ClassRealm.findClass(Ljava/lang/String;)Ljava/lang/Class; @ 8
Event: 44.599 Thread 0x00000000211db000 Uncommon trap: reason=unhandled action=none pc=0x0000000003d2e3b0 method=org.codehaus.plexus.classworlds.realm.ClassRealm.findClass(Ljava/lang/String;)Ljava/lang/Class; @ 8
Event: 44.599 Thread 0x00000000211db000 Uncommon trap: reason=unhandled action=none pc=0x0000000003d2e3b0 method=org.codehaus.plexus.classworlds.realm.ClassRealm.findClass(Ljava/lang/String;)Ljava/lang/Class; @ 8
Event: 44.600 Thread 0x00000000211db000 Uncommon trap: reason=unhandled action=none pc=0x0000000003d2e3b0 method=org.codehaus.plexus.classworlds.realm.ClassRealm.findClass(Ljava/lang/String;)Ljava/lang/Class; @ 8
Event: 44.600 Thread 0x00000000211db000 Uncommon trap: reason=unhandled action=none pc=0x0000000003d2e3b0 method=org.codehaus.plexus.classworlds.realm.ClassRealm.findClass(Ljava/lang/String;)Ljava/lang/Class; @ 8
Event: 44.614 Thread 0x00000000211db000 Uncommon trap: reason=unhandled action=none pc=0x0000000003d2e3b0 method=org.codehaus.plexus.classworlds.realm.ClassRealm.findClass(Ljava/lang/String;)Ljava/lang/Class; @ 8
Event: 44.614 Thread 0x00000000211db000 Uncommon trap: reason=unhandled action=none pc=0x0000000003d2e3b0 method=org.codehaus.plexus.classworlds.realm.ClassRealm.findClass(Ljava/lang/String;)Ljava/lang/Class; @ 8
Event: 44.616 Thread 0x00000000211db000 Uncommon trap: reason=unhandled action=none pc=0x0000000003d2e3b0 method=org.codehaus.plexus.classworlds.realm.ClassRealm.findClass(Ljava/lang/String;)Ljava/lang/Class; @ 8
Event: 44.616 Thread 0x00000000211db000 Uncommon trap: reason=unhandled action=none pc=0x0000000003d2e3b0 method=org.codehaus.plexus.classworlds.realm.ClassRealm.findClass(Ljava/lang/String;)Ljava/lang/Class; @ 8

Internal exceptions (10 events):
Event: 68.992 Thread 0x0000000022662000 Exception <a 'java/security/PrivilegedActionException'> (0x000000076bd6dbd8) thrown at [D:\re\workspace\8-2-build-windows-amd64-cygwin\jdk8u20\1074\hotspot\src\share\vm\prims\jvm.cpp, line 1275]
Event: 68.993 Thread 0x0000000022662000 Exception <a 'java/security/PrivilegedActionException'> (0x000000076bd6e9b8) thrown at [D:\re\workspace\8-2-build-windows-amd64-cygwin\jdk8u20\1074\hotspot\src\share\vm\prims\jvm.cpp, line 1275]
Event: 68.993 Thread 0x0000000022662000 Exception <a 'java/security/PrivilegedActionException'> (0x000000076bd6f978) thrown at [D:\re\workspace\8-2-build-windows-amd64-cygwin\jdk8u20\1074\hotspot\src\share\vm\prims\jvm.cpp, line 1275]
Event: 68.993 Thread 0x0000000022662000 Exception <a 'java/lang/ClassNotFoundException': de/mq/archive/web/search/SearchPageModelImplCustomizer> (0x000000076bd703c0) thrown at [D:\re\workspace\8-2-build-windows-amd64-cygwin\jdk8u20\1074\hotspot\src\share\vm\classfile\systemDictionary.cpp, line 2üdﬁl&@Q@
Event: 69.002 Thread 0x0000000022662000 Exception <a 'java/lang/ArrayIndexOutOfBoundsException': 104> (0x000000076bd76bd8) thrown at [D:\re\workspace\8-2-build-windows-amd64-cygwin\jdk8u20\1074\hotspot\src\share\vm\interpreter\interpreterRuntime.cpp, line 366]
Event: 69.006 Thread 0x0000000022662000 Exception <a 'java/lang/ArrayIndexOutOfBoundsException': 51> (0x000000076bd78f68) thrown at [D:\re\workspace\8-2-build-windows-amd64-cygwin\jdk8u20\1074\hotspot\src\share\vm\interpreter\interpreterRuntime.cpp, line 366]
Event: 69.009 Thread 0x0000000022662000 Exception <a 'java/lang/ArrayIndexOutOfBoundsException': 54> (0x000000076bd7af40) thrown at [D:\re\workspace\8-2-build-windows-amd64-cygwin\jdk8u20\1074\hotspot\src\share\vm\interpreter\interpreterRuntime.cpp, line 366]
Event: 69.012 Thread 0x0000000022662000 Exception <a 'java/lang/ArrayIndexOutOfBoundsException': 74> (0x000000076bd7cba0) thrown at [D:\re\workspace\8-2-build-windows-amd64-cygwin\jdk8u20\1074\hotspot\src\share\vm\interpreter\interpreterRuntime.cpp, line 366]
Event: 69.017 Thread 0x0000000022662000 Exception <a 'java/lang/ArrayIndexOutOfBoundsException': 86> (0x000000076bd7f368) thrown at [D:\re\workspace\8-2-build-windows-amd64-cygwin\jdk8u20\1074\hotspot\src\share\vm\interpreter\interpreterRuntime.cpp, line 366]
Event: 69.020 Thread 0x0000000022662000 Exception <a 'java/lang/ArrayIndexOutOfBoundsException': 54> (0x000000076bd811b8) thrown at [D:\re\workspace\8-2-build-windows-amd64-cygwin\jdk8u20\1074\hotspot\src\share\vm\interpreter\interpreterRuntime.cpp, line 366]

Events (10 events):
Event: 107.399 Executing VM operation: GetOrSetLocal
Event: 107.399 Executing VM operation: GetOrSetLocal done
Event: 107.400 Executing VM operation: GetOrSetLocal
Event: 107.400 Executing VM operation: GetOrSetLocal done
Event: 107.400 Executing VM operation: GetOrSetLocal
Event: 107.400 Executing VM operation: GetOrSetLocal done
Event: 107.401 Executing VM operation: GetOrSetLocal
Event: 107.401 Executing VM operation: GetOrSetLocal done
Event: 1226.111 Executing VM operation: RedefineClasses
Event: 1226.153 Executing VM operation: RedefineClasses done


Dynamic libraries:
0x000000013fb50000 - 0x000000013fb84000 	C:\Program Files\Java\jdk1.8.0_20\bin\javaw.exe
0x0000000077540000 - 0x00000000776e9000 	C:\Windows\SYSTEM32\ntdll.dll
0x0000000077320000 - 0x000000007743f000 	C:\Windows\system32\kernel32.dll
0x000007fefd650000 - 0x000007fefd6bc000 	C:\Windows\system32\KERNELBASE.dll
0x000007fefe870000 - 0x000007fefe94b000 	C:\Windows\system32\ADVAPI32.dll
0x000007fefe7d0000 - 0x000007fefe86f000 	C:\Windows\system32\msvcrt.dll
0x000007feff790000 - 0x000007feff7af000 	C:\Windows\SYSTEM32\sechost.dll
0x000007fefed70000 - 0x000007fefee9d000 	C:\Windows\system32\RPCRT4.dll
0x0000000077440000 - 0x000000007753a000 	C:\Windows\system32\USER32.dll
0x000007fefd8f0000 - 0x000007fefd957000 	C:\Windows\system32\GDI32.dll
0x000007fefd710000 - 0x000007fefd71e000 	C:\Windows\system32\LPK.dll
0x000007fefd720000 - 0x000007fefd7e9000 	C:\Windows\system32\USP10.dll
0x000007fefb2f0000 - 0x000007fefb4e4000 	C:\Windows\WinSxS\amd64_microsoft.windows.common-controls_6595b64144ccf1df_6.0.7601.17514_none_fa396087175ac9ac\COMCTL32.dll
0x000007fefd870000 - 0x000007fefd8e1000 	C:\Windows\system32\SHLWAPI.dll
0x000007fefe950000 - 0x000007fefe97e000 	C:\Windows\system32\IMM32.DLL
0x000007feff160000 - 0x000007feff269000 	C:\Windows\system32\MSCTF.dll
0x000000005b270000 - 0x000000005b342000 	C:\Program Files\Java\jdk1.8.0_20\jre\bin\msvcr100.dll
0x0000000057c80000 - 0x00000000584d8000 	C:\Program Files\Java\jdk1.8.0_20\jre\bin\server\jvm.dll
0x000007fef61f0000 - 0x000007fef61f9000 	C:\Windows\system32\WSOCK32.dll
0x000007fefd6c0000 - 0x000007fefd70d000 	C:\Windows\system32\WS2_32.dll
0x000007fefeea0000 - 0x000007fefeea8000 	C:\Windows\system32\NSI.dll
0x000007fef4960000 - 0x000007fef499b000 	C:\Windows\system32\WINMM.dll
0x0000000077710000 - 0x0000000077717000 	C:\Windows\system32\PSAPI.DLL
0x0000000066ef0000 - 0x0000000066eff000 	C:\Program Files\Java\jdk1.8.0_20\jre\bin\verify.dll
0x0000000066ec0000 - 0x0000000066ee8000 	C:\Program Files\Java\jdk1.8.0_20\jre\bin\java.dll
0x0000000066a50000 - 0x0000000066a85000 	C:\Program Files\Java\jdk1.8.0_20\jre\bin\jdwp.dll
0x0000000066ac0000 - 0x0000000066ac8000 	C:\Program Files\Java\jdk1.8.0_20\jre\bin\npt.dll
0x0000000066aa0000 - 0x0000000066ab6000 	C:\Program Files\Java\jdk1.8.0_20\jre\bin\zip.dll
0x000007fefd960000 - 0x000007fefe6e9000 	C:\Windows\system32\SHELL32.dll
0x000007fefe980000 - 0x000007fefeb83000 	C:\Windows\system32\ole32.dll
0x000007fefd310000 - 0x000007fefd31f000 	C:\Windows\system32\profapi.dll
0x0000000066a90000 - 0x0000000066a99000 	C:\Program Files\Java\jdk1.8.0_20\jre\bin\dt_socket.dll
0x000007fefba00000 - 0x000007fefba15000 	C:\Windows\system32\NLAapi.dll
0x000007fef2f30000 - 0x000007fef2f45000 	C:\Windows\system32\napinsp.dll
0x000007fef3040000 - 0x000007fef3059000 	C:\Windows\system32\pnrpnsp.dll
0x000007fefcae0000 - 0x000007fefcb35000 	C:\Windows\System32\mswsock.dll
0x000007fefc960000 - 0x000007fefc9bb000 	C:\Windows\system32\DNSAPI.dll
0x000007fef39f0000 - 0x000007fef39fb000 	C:\Windows\System32\winrnr.dll
0x000007fefb8e0000 - 0x000007fefb907000 	C:\Windows\system32\IPHLPAPI.DLL
0x000007fefb8d0000 - 0x000007fefb8db000 	C:\Windows\system32\WINNSI.DLL
0x000007fefb7d0000 - 0x000007fefb823000 	C:\Windows\System32\fwpuclnt.dll
0x000007fef50c0000 - 0x000007fef50c8000 	C:\Windows\system32\rasadhlp.dll
0x000007fefc4a0000 - 0x000007fefc4a7000 	C:\Windows\System32\wshtcpip.dll
0x0000000066a30000 - 0x0000000066a4a000 	C:\Program Files\Java\jdk1.8.0_20\jre\bin\net.dll
0x000007fefcad0000 - 0x000007fefcad7000 	C:\Windows\System32\wship6.dll
0x00000000669f0000 - 0x0000000066a01000 	C:\Program Files\Java\jdk1.8.0_20\jre\bin\nio.dll
0x000007fefcb40000 - 0x000007fefcb58000 	C:\Windows\system32\CRYPTSP.dll
0x000007fefc840000 - 0x000007fefc887000 	C:\Windows\system32\rsaenh.dll
0x000007fefd320000 - 0x000007fefd33e000 	C:\Windows\system32\USERENV.dll
0x000007fefd1a0000 - 0x000007fefd1af000 	C:\Windows\system32\CRYPTBASE.dll
0x000007fefb700000 - 0x000007fefb711000 	C:\Windows\system32\dhcpcsvc6.DLL
0x000007fefb6e0000 - 0x000007fefb6f8000 	C:\Windows\system32\dhcpcsvc.DLL
0x000007fed9710000 - 0x000007fed9835000 	C:\Windows\system32\dbghelp.dll

VM Arguments:
jvm_args: -agentlib:jdwp=transport=dt_socket,suspend=y,address=localhost:64029 -Dm2eclipse.workspace.state=C:\vaadin\.metadata\.plugins\org.eclipse.m2e.core\workspacestate.properties -Dmaven.home=EMBEDDED -Dclassworlds.conf=C:\vaadin\.metadata\.plugins\org.eclipse.m2e.launching\launches\m2conf3307338013351408972.tmp -Dfile.encoding=Cp1252 
java_command: org.codehaus.plexus.classworlds.launcher.Launcher -Pmock -B -X -e -U -Dmaven.test.skip=true -DskipTests clean jetty:run-war
java_class_path (initial): /C:/vaadin/sts-3.6.0.RELEASE/plugins/org.eclipse.m2e.maven.runtime_1.5.0.20140605-2032/jars/plexus-classworlds-2.5.1.jar
Launcher Type: SUN_STANDARD

Environment Variables:
JAVA_HOME=C:\Java\jdk1.7.0_45
PATH=C:\Program Files\Java\jdk1.8.0_20\jre\bin;C:/Program Files/Java/jre1.8.0_25/bin/server;C:/Program Files/Java/jre1.8.0_25/bin;C:/Program Files/Java/jre1.8.0_25/lib/amd64;C:\ProgramData\Oracle\Java\javapath;C:\Program Files (x86)\Intel\iCLS Client\;C:\Program Files\Intel\iCLS Client\;C:\Windows\system32;C:\Windows;C:\Windows\System32\Wbem;C:\Windows\System32\WindowsPowerShell\v1.0\;C:\Program Files\Intel\Intel(R) Management Engine Components\DAL;C:\Program Files\Intel\Intel(R) Management Engine Components\IPT;C:\Program Files (x86)\Intel\Intel(R) Management Engine Components\DAL;C:\Program Files (x86)\Intel\Intel(R) Management Engine Components\IPT;C:\apache-maven-3.0.4\bin;C:\Program Files (x86)\QuickTime\QTSystem\;C:\vaadin\sts-3.6.0.RELEASE;
USERNAME=Admin
OS=Windows_NT
PROCESSOR_IDENTIFIER=Intel64 Family 6 Model 58 Stepping 9, GenuineIntel



---------------  S Y S T E M  ---------------

OS: Windows 7 , 64 bit Build 7601 Service Pack 1

CPU:total 4 (4 cores per cpu, 1 threads per core) family 6 model 58 stepping 9, cmov, cx8, fxsr, mmx, sse, sse2, sse3, ssse3, sse4.1, sse4.2, popcnt, avx, aes, clmul, erms, tsc, tscinvbit, tscinv

Memory: 4k page, physical 16731504k(10622896k free), swap 33461152k(25616728k free)

vm_info: Java HotSpot(TM) 64-Bit Server VM (25.20-b23) for windows-amd64 JRE (1.8.0_20-b26), built on Jul 30 2014 13:51:23 by "java_re" with MS VC++ 10.0 (VS2010)

time: Sun Mar 29 16:39:27 2015
elapsed time: 1226 seconds (0d 0h 20m 26s)

